turunify/build/app/outputs/mapping/release/mapping.txt
# compiler: R8
# compiler_version: 1.5.64
# min_api: 16
# pg_map_id: c56710c
...
com.google.common.base.MoreObjects -> b.b.a.a.a:
    com.google.common.base.MoreObjects$ToStringHelper toStringHelper(java.lang.Object) -> a
com.google.common.base.MoreObjects$1 -> b.b.a.a.a$a:
com.google.common.base.MoreObjects$ToStringHelper -> b.b.a.a.a$b:
    com.google.common.base.MoreObjects$ToStringHelper$ValueHolder holderHead -> b
    java.lang.String className -> a
    com.google.common.base.MoreObjects$ToStringHelper$ValueHolder holderTail -> c
    boolean omitNullValues -> d
    com.google.common.base.MoreObjects$ToStringHelper$ValueHolder addHolder() -> a
    com.google.common.base.MoreObjects$ToStringHelper addValue(java.lang.Object) -> a
    com.google.common.base.MoreObjects$ToStringHelper addHolder(java.lang.Object) -> b
com.google.common.base.MoreObjects$ToStringHelper$ValueHolder -> b.b.a.a.a$b$a:
    java.lang.Object value -> b
    java.lang.String name -> a
    com.google.common.base.MoreObjects$ToStringHelper$ValueHolder next -> c
com.google.common.base.Preconditions -> b.b.a.a.b:
    void checkArgument(boolean,java.lang.String,int,int) -> a
    java.lang.Object checkNotNull(java.lang.Object) -> a
    java.lang.Object checkNotNull(java.lang.Object,java.lang.Object) -> a
    void checkState(boolean,java.lang.String,java.lang.Object) -> a
com.google.common.base.Strings -> b.b.a.a.c:
    java.lang.String lenientFormat(java.lang.String,java.lang.Object[]) -> a
    java.lang.String lenientToString(java.lang.Object) -> a
com.google.common.base.Throwables -> b.b.a.a.d:
    java.lang.Object jla -> a
    java.lang.reflect.Method getGetMethod() -> a
    java.lang.reflect.Method getJlaMethod(java.lang.String,java.lang.Class[]) -> a
    void throwIfUnchecked(java.lang.Throwable) -> a
    java.lang.Object getJLA() -> b
    java.lang.reflect.Method getSizeMethod() -> c
com.google.common.util.concurrent.AbstractFuture -> b.b.a.b.a.a:
    com.google.common.util.concurrent.AbstractFuture$Listener listeners -> b
    java.lang.Object NULL -> g
    java.util.logging.Logger log -> e
    java.lang.Object value -> a
    com.google.common.util.concurrent.AbstractFuture$AtomicHelper ATOMIC_HELPER -> f
    boolean GENERATE_CANCELLATION_CAUSES -> d
    com.google.common.util.concurrent.AbstractFuture$Waiter waiters -> c
    java.lang.Object access$400(com.google.common.util.concurrent.AbstractFuture) -> a
    java.lang.Object access$402(com.google.common.util.concurrent.AbstractFuture,java.lang.Object) -> a
    java.lang.Object access$500(com.google.common.util.concurrent.ListenableFuture) -> a
    com.google.common.util.concurrent.AbstractFuture$Waiter access$802(com.google.common.util.concurrent.AbstractFuture,com.google.common.util.concurrent.AbstractFuture$Waiter) -> a
    com.google.common.util.concurrent.AbstractFuture$Listener access$902(com.google.common.util.concurrent.AbstractFuture,com.google.common.util.concurrent.AbstractFuture$Listener) -> a
    void addDoneString(java.lang.StringBuilder) -> a
    void addListener(java.lang.Runnable,java.util.concurrent.Executor) -> a
    java.util.concurrent.CancellationException cancellationExceptionWithCause(java.lang.String,java.lang.Throwable) -> a
    com.google.common.util.concurrent.AbstractFuture$Listener clearListeners(com.google.common.util.concurrent.AbstractFuture$Listener) -> a
com.google.common.util.concurrent.AbstractFuture$1 -> b.b.a.b.a.a$a: